[18:00:44] [Server thread/INFO]: Starting minecraft server version 1.8.8
[18:00:44] [Server thread/INFO]: Loading properties
[18:00:44] [Server thread/INFO]: Default game type: SURVIVAL
[18:00:44] [Server thread/INFO]: This server is running CraftBukkit version git-PaperSpigot-445 (MC: 1.8.8) (Implementing API version 1.8.8-R0.1-SNAPSHOT)
[18:00:44] [Server thread/INFO]: Unable to find file banned-players.json, creating it.
[18:00:44] [Server thread/INFO]: Unable to find file banned-ips.json, creating it.
[18:00:44] [Server thread/INFO]: Unable to find file ops.json, creating it.
[18:00:44] [Server thread/INFO]: Unable to find file whitelist.json, creating it.
[18:00:44] [Server thread/INFO]: Debug logging is disabled
[18:00:44] [Server thread/INFO]: Spigot Timings: true - Verbose: true - Interval: 5m - Length: 60m
[18:00:44] [Server thread/INFO]: Server Ping Player Sample Count: 12

[18:00:44] [Server thread/INFO]: Using 4 threads for Netty based IO
[18:00:44] [Server thread/WARN]: java.lang.NoSuchFieldException: modifiers

[18:00:44] [Server thread/WARN]: 	at java.base/java.lang.Class.getDeclaredField(Class.java:2782)

[18:00:44] [Server thread/WARN]: 	at org.github.paperspigot.PaperSpigotConfig.stackableBuckets(PaperSpigotConfig.java:192)

[18:00:44] [Server thread/WARN]: 	at java.base/jdk.internal.reflect.DirectMethodHandleAccessor.invoke(DirectMethodHandleAccessor.java:103)

[18:00:44] [Server thread/WARN]: 	at java.base/java.lang.reflect.Method.invoke(Method.java:580)

[18:00:44] [Server thread/WARN]: 	at org.github.paperspigot.PaperSpigotConfig.readConfig(PaperSpigotConfig.java:84)

[18:00:44] [Server thread/WARN]: 	at org.github.paperspigot.PaperSpigotConfig.init(PaperSpigotConfig.java:62)

[18:00:44] [Server thread/WARN]: 	at net.minecraft.server.v1_8_R3.DedicatedServer.init(DedicatedServer.java:181)

[18:00:44] [Server thread/WARN]: 	at net.minecraft.server.v1_8_R3.MinecraftServer.run(MinecraftServer.java:563)

[18:00:44] [Server thread/WARN]: 	at java.base/java.lang.Thread.run(Thread.java:1583)

[18:00:44] [Server thread/INFO]: Data value allowed items: 
[18:00:44] [Server thread/INFO]: Generating keypair
[18:00:44] [Server thread/INFO]: Starting Minecraft server on localhost:25565
[18:00:44] [Server thread/INFO]: Your platform does not provide complete low-level API for accessing direct buffers reliably. Unless explicitly requested, heap buffer will always be preferred to avoid potential system unstability.
[18:00:44] [Server thread/INFO]: Using default channel type
[18:00:44] [Server thread/INFO]: Set PluginClassLoader as parallel capable
[18:00:44] [Server thread/INFO]: [SimpleTpa] Loading SimpleTpa v6.4
[18:00:44] [Server thread/INFO]: [SimpleHomes] Loading SimpleHomes v2.2
[18:00:44] [Server thread/INFO]: [WorldEdit] Loading WorldEdit v6.1;no_git_id
[18:00:44] [Server thread/INFO]: [LoginSecurity] Loading LoginSecurity v3.2.0
[18:00:44] [Server thread/WARN]: **** SERVER IS RUNNING IN OFFLINE/INSECURE MODE!
[18:00:44] [Server thread/WARN]: The server will make no attempt to authenticate usernames. Beware.
[18:00:44] [Server thread/WARN]: Whilst this makes it possible to use BungeeCord, unless access to your server is properly restricted, it also opens up the ability for hackers to connect with any username they choose.
[18:00:44] [Server thread/WARN]: Please see http://www.spigotmc.org/wiki/firewall-guide/ for further information.
[18:00:44] [Server thread/WARN]: To change this, set "online-mode" to "true" in the server.properties file.
[18:00:44] [Server thread/INFO]: **** Beginning UUID conversion, this may take A LONG time ****
[18:00:44] [Server thread/INFO]: Preparing level "world"
[18:00:45] [Server thread/INFO]: -------- World Settings For [world] --------
[18:00:45] [Server thread/INFO]: Mob Spawn Range: 4
[18:00:45] [Server thread/INFO]: Anti X-Ray: true
[18:00:45] [Server thread/INFO]: 	Engine Mode: 1
[18:00:45] [Server thread/INFO]: 	Hidden Blocks: [14, 15, 16, 21, 48, 49, 54, 56, 73, 74, 82, 129, 130]
[18:00:45] [Server thread/INFO]: 	Replace Blocks: [1, 5]
[18:00:45] [Server thread/INFO]: Nerfing mobs spawned from spawners: false
[18:00:45] [Server thread/INFO]: Cactus Growth Modifier: 100%
[18:00:45] [Server thread/INFO]: Cane Growth Modifier: 100%
[18:00:45] [Server thread/INFO]: Melon Growth Modifier: 100%
[18:00:45] [Server thread/INFO]: Mushroom Growth Modifier: 100%
[18:00:45] [Server thread/INFO]: Pumpkin Growth Modifier: 100%
[18:00:45] [Server thread/INFO]: Sapling Growth Modifier: 100%
[18:00:45] [Server thread/INFO]: Wheat Growth Modifier: 100%
[18:00:45] [Server thread/INFO]: NetherWart Growth Modifier: 100%
[18:00:45] [Server thread/INFO]: Entity Activation Range: An 32 / Mo 32 / Mi 16
[18:00:45] [Server thread/INFO]: Entity Tracking Range: Pl 48 / An 48 / Mo 48 / Mi 32 / Other 64
[18:00:45] [Server thread/INFO]: Hopper Transfer: 8 Hopper Check: 8 Hopper Amount: 1
[18:00:45] [Server thread/INFO]: Random Lighting Updates: false
[18:00:45] [Server thread/INFO]: Structure Info Saving: true
[18:00:45] [Server thread/INFO]: Sending up to 10 chunks per packet
[18:00:45] [Server thread/INFO]: Max Entity Collisions: 8
[18:00:45] [Server thread/INFO]: Custom Map Seeds:  Village: 10387312 Feature: 14357617
[18:00:45] [Server thread/INFO]: Max TNT Explosions: 100
[18:00:45] [Server thread/INFO]: Tile Max Tick Time: 50ms Entity max Tick Time: 50ms
[18:00:45] [Server thread/INFO]: Item Despawn Rate: 6000
[18:00:45] [Server thread/INFO]: Item Merge Radius: 2.5
[18:00:45] [Server thread/INFO]: Arrow Despawn Rate: 1200
[18:00:45] [Server thread/INFO]: Allow Zombie Pigmen to spawn from portal blocks: true
[18:00:45] [Server thread/INFO]: View Distance: 4
[18:00:45] [Server thread/INFO]: Zombie Aggressive Towards Villager: true
[18:00:45] [Server thread/INFO]: Chunks to Grow per Tick: 650
[18:00:45] [Server thread/INFO]: Clear tick list: false
[18:00:45] [Server thread/INFO]: Experience Merge Radius: 3.0
[18:00:45] [Server thread/INFO]: -------- World Settings For [world] --------
[18:00:45] [Server thread/INFO]: Squids will spawn between Y: 45.0 and Y: 63.0
[18:00:45] [Server thread/INFO]: Max height for cactus growth 3. Max height for reed growth 3
[18:00:45] [Server thread/INFO]: Living Entity Despawn Ranges:  Soft: 32 Hard: 128
[18:00:45] [Server thread/INFO]: Remove invalid mob spawner tile entities: true
[18:00:45] [Server thread/INFO]: Player blocking damage multiplier set to 0.5
[18:00:45] [Server thread/INFO]: Water over lava flow speed: 5
[18:00:45] [Server thread/INFO]: Fix TNT cannons: false
[18:00:45] [Server thread/INFO]: Allow undead horse types to be leashed: false
[18:00:45] [Server thread/INFO]: Keep spawn chunk loaded: true
[18:00:45] [Server thread/INFO]: WorldServer TickNextTick cap set at 10000
[18:00:45] [Server thread/INFO]: WorldServer TickNextTickList cap always processes redstone: false
[18:00:45] [Server thread/INFO]: World async lighting: false
[18:00:45] [Server thread/INFO]: -------- World Settings For [world_nether] --------
[18:00:45] [Server thread/INFO]: Mob Spawn Range: 4
[18:00:45] [Server thread/INFO]: Anti X-Ray: true
[18:00:45] [Server thread/INFO]: 	Engine Mode: 1
[18:00:45] [Server thread/INFO]: 	Hidden Blocks: [14, 15, 16, 21, 48, 49, 54, 56, 73, 74, 82, 129, 130]
[18:00:45] [Server thread/INFO]: 	Replace Blocks: [1, 5]
[18:00:45] [Server thread/INFO]: Nerfing mobs spawned from spawners: false
[18:00:45] [Server thread/INFO]: Cactus Growth Modifier: 100%
[18:00:45] [Server thread/INFO]: Cane Growth Modifier: 100%
[18:00:45] [Server thread/INFO]: Melon Growth Modifier: 100%
[18:00:45] [Server thread/INFO]: Mushroom Growth Modifier: 100%
[18:00:45] [Server thread/INFO]: Pumpkin Growth Modifier: 100%
[18:00:45] [Server thread/INFO]: Sapling Growth Modifier: 100%
[18:00:45] [Server thread/INFO]: Wheat Growth Modifier: 100%
[18:00:45] [Server thread/INFO]: NetherWart Growth Modifier: 100%
[18:00:45] [Server thread/INFO]: Entity Activation Range: An 32 / Mo 32 / Mi 16
[18:00:45] [Server thread/INFO]: Entity Tracking Range: Pl 48 / An 48 / Mo 48 / Mi 32 / Other 64
[18:00:45] [Server thread/INFO]: Hopper Transfer: 8 Hopper Check: 8 Hopper Amount: 1
[18:00:45] [Server thread/INFO]: Random Lighting Updates: false
[18:00:45] [Server thread/INFO]: Structure Info Saving: true
[18:00:45] [Server thread/INFO]: Sending up to 10 chunks per packet
[18:00:45] [Server thread/INFO]: Max Entity Collisions: 8
[18:00:45] [Server thread/INFO]: Custom Map Seeds:  Village: 10387312 Feature: 14357617
[18:00:45] [Server thread/INFO]: Max TNT Explosions: 100
[18:00:45] [Server thread/INFO]: Tile Max Tick Time: 50ms Entity max Tick Time: 50ms
[18:00:45] [Server thread/INFO]: Item Despawn Rate: 6000
[18:00:45] [Server thread/INFO]: Item Merge Radius: 2.5
[18:00:45] [Server thread/INFO]: Arrow Despawn Rate: 1200
[18:00:45] [Server thread/INFO]: Allow Zombie Pigmen to spawn from portal blocks: true
[18:00:45] [Server thread/INFO]: View Distance: 4
[18:00:45] [Server thread/INFO]: Zombie Aggressive Towards Villager: true
[18:00:45] [Server thread/INFO]: Chunks to Grow per Tick: 650
[18:00:45] [Server thread/INFO]: Clear tick list: false
[18:00:45] [Server thread/INFO]: Experience Merge Radius: 3.0
[18:00:45] [Server thread/INFO]: -------- World Settings For [world_nether] --------
[18:00:45] [Server thread/INFO]: Squids will spawn between Y: 45.0 and Y: 63.0
[18:00:45] [Server thread/INFO]: Max height for cactus growth 3. Max height for reed growth 3
[18:00:45] [Server thread/INFO]: Living Entity Despawn Ranges:  Soft: 32 Hard: 128
[18:00:45] [Server thread/INFO]: Remove invalid mob spawner tile entities: true
[18:00:45] [Server thread/INFO]: Player blocking damage multiplier set to 0.5
[18:00:45] [Server thread/INFO]: Water over lava flow speed: 5
[18:00:45] [Server thread/INFO]: Fix TNT cannons: false
[18:00:45] [Server thread/INFO]: Allow undead horse types to be leashed: false
[18:00:45] [Server thread/INFO]: Keep spawn chunk loaded: true
[18:00:45] [Server thread/INFO]: WorldServer TickNextTick cap set at 10000
[18:00:45] [Server thread/INFO]: WorldServer TickNextTickList cap always processes redstone: false
[18:00:45] [Server thread/INFO]: World async lighting: false
[18:00:45] [Server thread/INFO]: -------- World Settings For [world_the_end] --------
[18:00:45] [Server thread/INFO]: Mob Spawn Range: 4
[18:00:45] [Server thread/INFO]: Anti X-Ray: true
[18:00:45] [Server thread/INFO]: 	Engine Mode: 1
[18:00:45] [Server thread/INFO]: 	Hidden Blocks: [14, 15, 16, 21, 48, 49, 54, 56, 73, 74, 82, 129, 130]
[18:00:45] [Server thread/INFO]: 	Replace Blocks: [1, 5]
[18:00:45] [Server thread/INFO]: Nerfing mobs spawned from spawners: false
[18:00:45] [Server thread/INFO]: Cactus Growth Modifier: 100%
[18:00:45] [Server thread/INFO]: Cane Growth Modifier: 100%
[18:00:45] [Server thread/INFO]: Melon Growth Modifier: 100%
[18:00:45] [Server thread/INFO]: Mushroom Growth Modifier: 100%
[18:00:45] [Server thread/INFO]: Pumpkin Growth Modifier: 100%
[18:00:45] [Server thread/INFO]: Sapling Growth Modifier: 100%
[18:00:45] [Server thread/INFO]: Wheat Growth Modifier: 100%
[18:00:45] [Server thread/INFO]: NetherWart Growth Modifier: 100%
[18:00:45] [Server thread/INFO]: Entity Activation Range: An 32 / Mo 32 / Mi 16
[18:00:45] [Server thread/INFO]: Entity Tracking Range: Pl 48 / An 48 / Mo 48 / Mi 32 / Other 64
[18:00:45] [Server thread/INFO]: Hopper Transfer: 8 Hopper Check: 8 Hopper Amount: 1
[18:00:45] [Server thread/INFO]: Random Lighting Updates: false
[18:00:45] [Server thread/INFO]: Structure Info Saving: true
[18:00:45] [Server thread/INFO]: Sending up to 10 chunks per packet
[18:00:45] [Server thread/INFO]: Max Entity Collisions: 8
[18:00:45] [Server thread/INFO]: Custom Map Seeds:  Village: 10387312 Feature: 14357617
[18:00:45] [Server thread/INFO]: Max TNT Explosions: 100
[18:00:45] [Server thread/INFO]: Tile Max Tick Time: 50ms Entity max Tick Time: 50ms
[18:00:45] [Server thread/INFO]: Item Despawn Rate: 6000
[18:00:45] [Server thread/INFO]: Item Merge Radius: 2.5
[18:00:45] [Server thread/INFO]: Arrow Despawn Rate: 1200
[18:00:45] [Server thread/INFO]: Allow Zombie Pigmen to spawn from portal blocks: true
[18:00:45] [Server thread/INFO]: View Distance: 4
[18:00:45] [Server thread/INFO]: Zombie Aggressive Towards Villager: true
[18:00:45] [Server thread/INFO]: Chunks to Grow per Tick: 650
[18:00:45] [Server thread/INFO]: Clear tick list: false
[18:00:45] [Server thread/INFO]: Experience Merge Radius: 3.0
[18:00:45] [Server thread/INFO]: -------- World Settings For [world_the_end] --------
[18:00:45] [Server thread/INFO]: Squids will spawn between Y: 45.0 and Y: 63.0
[18:00:45] [Server thread/INFO]: Max height for cactus growth 3. Max height for reed growth 3
[18:00:45] [Server thread/INFO]: Living Entity Despawn Ranges:  Soft: 32 Hard: 128
[18:00:45] [Server thread/INFO]: Remove invalid mob spawner tile entities: true
[18:00:45] [Server thread/INFO]: Player blocking damage multiplier set to 0.5
[18:00:45] [Server thread/INFO]: Water over lava flow speed: 5
[18:00:45] [Server thread/INFO]: Fix TNT cannons: false
[18:00:45] [Server thread/INFO]: Allow undead horse types to be leashed: false
[18:00:45] [Server thread/INFO]: Keep spawn chunk loaded: true
[18:00:45] [Server thread/INFO]: WorldServer TickNextTick cap set at 10000
[18:00:45] [Server thread/INFO]: WorldServer TickNextTickList cap always processes redstone: false
[18:00:45] [Server thread/INFO]: World async lighting: false
[18:00:45] [Server thread/INFO]: Preparing start region for level 0 (Seed: -7623720030705728336)
[18:00:46] [Server thread/INFO]: Preparing spawn area: 8%
[18:00:47] [Server thread/INFO]: Preparing spawn area: 23%
[18:00:48] [Server thread/INFO]: Preparing spawn area: 44%
[18:00:49] [Server thread/INFO]: Preparing spawn area: 67%
[18:00:50] [Server thread/INFO]: Preparing spawn area: 91%
[18:00:50] [Server thread/INFO]: Preparing start region for level 1 (Seed: -7623720030705728336)
[18:00:51] [Server thread/INFO]: Preparing spawn area: 13%
[18:00:52] [Server thread/INFO]: Preparing spawn area: 45%
[18:00:53] [Server thread/INFO]: Preparing spawn area: 70%
[18:00:54] [Server thread/INFO]: Preparing start region for level 2 (Seed: -7623720030705728336)
[18:00:55] [Server thread/INFO]: Preparing spawn area: 92%
[18:00:55] [Server thread/INFO]: [SimpleTpa] Enabling SimpleTpa v6.4
[18:00:55] [Server thread/INFO]: [0;33;1m[21m[SimpleTpa] If you need support contact me at https://discord.gg/SZUkza9[m

[18:00:55] [Server thread/INFO]: [0;33;1m[21m[SimpleTpa] Simple Tpa has been enabled on version 6.4[m

[18:00:55] [Server thread/INFO]: Enabled metrics. You may opt-out by changing plugins/bStats/config.yml
[18:00:55] [Server thread/INFO]: [SimpleHomes] Enabling SimpleHomes v2.2
[18:00:55] [Server thread/INFO]: [WorldEdit] Enabling WorldEdit v6.1;no_git_id
[18:00:56] [Server thread/INFO]: WEPIF: Updated config file
[18:00:56] [Server thread/INFO]: WEPIF: Using the Bukkit Permissions API.
[18:00:56] [Server thread/INFO]: [WorldEdit] Using com.sk89q.worldedit.bukkit.adapter.impl.Spigot_v1_8_R3 as the Bukkit adapter
[18:00:56] [Server thread/INFO]: [LoginSecurity] Enabling LoginSecurity v3.2.0
[18:00:56] [Server thread/INFO]: [LoginSecurity] Loading base translations from "en_us"
[18:00:56] [Server thread/INFO]: [LoginSecurity] Loading specified translations from "en_us"
[18:00:56] [Server thread/INFO]: [LoginSecurity] Registering commands...
[18:00:56] [Server thread/INFO]: [LoginSecurity] Registering listeners...
[18:00:56] [Server thread/INFO]: Done (11.362s)! For help, type "help" or "?"
[18:00:56] [Server thread/INFO]: Timings Reset
[18:00:57] [Craft Scheduler Thread - 0/INFO]: [0;31;1m[21m[SimpleTpa] There is a new update available.[m

[18:00:57] [Craft Scheduler Thread - 0/INFO]: [0;31;1m[SimpleTpa] There is a new update available:[m

[18:00:57] [Craft Scheduler Thread - 0/INFO]: [0;31;1m[SimpleTpa] https://www.spigotmc.org/resources/simple-tpa.64270/[m

[18:03:29] [Thread-7/INFO]: UUID of player ze_jj is 0f9ee9e7-fe88-31aa-8d8b-50cb054c2c78
[18:03:29] [Server thread/INFO]: ze_jj[/[0:0:0:0:0:0:0:1]:43422] logged in with entity id 820 at ([world]32.5, 56.0, 247.5)
[18:03:50] [Server thread/INFO]: ze_jj issued server command: /help
[18:04:03] [Server thread/INFO]: ze_jj issued server command: /help minecraft
[18:05:08] [Server thread/INFO]: Unknown command. Type "/help" for help.[m

[18:05:11] [Server thread/INFO]: [0;33;1m----------[m Help: page 1/6  [0;33;1m--------------------[m[m

[18:05:11] [Server thread/INFO]: [0;37;22mType [0;36;1m//help <command> [<page>][0;37;22m for more information.[m

[18:05:11] [Server thread/INFO]: [0;33;22m//: [mToggle the super pickaxe function[m

[18:05:11] [Server thread/INFO]: [0;33;22m/.s: [mExecute last CraftScript[m

[18:05:11] [Server thread/INFO]: [0;33;22m/ascend: [mGo up a floor[m

[18:05:11] [Server thread/INFO]: [0;33;22m/biomeinfo: [mGet the biome of the targeted block.[m

[18:05:11] [Server thread/INFO]: [0;33;22m/biomelist: [mGets all biomes available.[m

[18:05:11] [Server thread/INFO]: [0;33;22m/brush: [mBrushing commands[m

[18:05:11] [Server thread/INFO]: [0;33;22m/butcher: [mKill all or nearby mobs[m

[18:05:11] [Server thread/INFO]: [0;33;22m//calc: [mEvaluate a mathematical expression[m

[18:05:11] [Server thread/INFO]: [0;33;22m/ceil: [mGo to the celing[m

[18:05:11] [Server thread/INFO]: [0;33;22m//center: [mSet the center block(s)[m

[18:05:11] [Server thread/INFO]: [0;33;22m//chunk: [mSet the selection to your current chunk.[m

[18:05:11] [Server thread/INFO]: [0;33;22m/chunkinfo: [mGet information about the chunk that you are inside[m

[18:05:11] [Server thread/INFO]: [0;33;22m/clearclipboard: [mClear your clipboard[m

[18:05:11] [Server thread/INFO]: [0;33;22m//clearhistory: [mClear your history[m

[18:05:11] [Server thread/INFO]: [0;33;22m//contract: [mContract the selection area[m

[18:05:11] [Server thread/INFO]: [0;33;22m//copy: [mCopy the selection to the clipboard[m

[18:05:11] [Server thread/INFO]: [0;33;22m//count: [mCounts the number of a certain type of block[m

[18:05:11] [Server thread/INFO]: [0;33;22m/cs: [mExecute a CraftScript[m

[18:05:11] [Server thread/INFO]: [0;33;22m//curve: [mDraws a spline through selected points[m

[18:05:11] [Server thread/INFO]: [0;33;22m//cut: [mCut the selection to the clipboard[m

[18:05:26] [Server thread/INFO]: [0;33;1m----------[m Help: page 2/6  [0;33;1m--------------------[m[m

[18:05:26] [Server thread/INFO]: [0;37;22mType [0;36;1m//help <command> [<page>][0;37;22m for more information.[m

[18:05:26] [Server thread/INFO]: [0;33;22m/cycler: [mBlock data cycler tool[m

[18:05:26] [Server thread/INFO]: [0;33;22m//cyl: [mGenerates a cylinder.[m

[18:05:26] [Server thread/INFO]: [0;33;22m//deform: [mDeforms a selected region with an expression[m

[18:05:26] [Server thread/INFO]: [0;33;22m/delchunks: [mDelete chunks that your selection includes[m

[18:05:26] [Server thread/INFO]: [0;33;22m/deltree: [mFloating tree remover tool[m

[18:05:26] [Server thread/INFO]: [0;33;22m/descend: [mGo down a floor[m

[18:05:26] [Server thread/INFO]: [0;33;22m//distr: [mGet the distribution of blocks in the selection[m

[18:05:26] [Server thread/INFO]: [0;33;22m//drain: [mDrain a pool[m

[18:05:26] [Server thread/INFO]: [0;33;22m//ex: [mExtinguish nearby fire[m

[18:05:26] [Server thread/INFO]: [0;33;22m//expand: [mExpand the selection area[m

[18:05:26] [Server thread/INFO]: [0;33;22m//faces: [mBuild the walls, ceiling, and floor of a selection[m

[18:05:26] [Server thread/INFO]: [0;33;22m/farwand: [mWand at a distance tool[m

[18:05:26] [Server thread/INFO]: [0;33;22m//fast: [mToggle fast mode[m

[18:05:26] [Server thread/INFO]: [0;33;22m//fill: [mFill a hole[m

[18:05:26] [Server thread/INFO]: [0;33;22m//fillr: [mFill a hole recursively[m

[18:05:26] [Server thread/INFO]: [0;33;22m//fixlava: [mFix lava to be stationary[m

[18:05:26] [Server thread/INFO]: [0;33;22m//fixwater: [mFix water to be stationary[m

[18:05:26] [Server thread/INFO]: [0;33;22m//flip: [mFlip the contents of the clipboard[m

[18:05:26] [Server thread/INFO]: [0;33;22m/floodfill: [mFlood fill tool[m

[18:05:26] [Server thread/INFO]: [0;33;22m//flora: [mMake flora within the region[m

[18:05:35] [Server thread/INFO]: [0;33;1m----------[m Help: page 3/6  [0;33;1m--------------------[m[m

[18:05:35] [Server thread/INFO]: [0;37;22mType [0;36;1m//help <command> [<page>][0;37;22m for more information.[m

[18:05:35] [Server thread/INFO]: [0;33;22m//forest: [mMake a forest within the region[m

[18:05:35] [Server thread/INFO]: [0;33;22m/forestgen: [mGenerate a forest[m

[18:05:35] [Server thread/INFO]: [0;33;22m//generate: [mGenerates a shape according to a formula.[m

[18:05:35] [Server thread/INFO]: [0;33;22m//generatebiome: [mSets biome according to a formula.[m

[18:05:35] [Server thread/INFO]: [0;33;22m//gmask: [mSet the global mask[m

[18:05:35] [Server thread/INFO]: [0;33;22m//green: [mGreens the area[m

[18:05:35] [Server thread/INFO]: [0;33;22m//hcyl: [mGenerates a hollow cylinder.[m

[18:05:35] [Server thread/INFO]: [0;33;22m//help: [mDisplays help for WorldEdit commands[m

[18:05:35] [Server thread/INFO]: [0;33;22m//hollow: [mHollows out the object contained in this selection[m

[18:05:35] [Server thread/INFO]: [0;33;22m//hpos1: [mSet position 1 to targeted block[m

[18:05:35] [Server thread/INFO]: [0;33;22m//hpos2: [mSet position 2 to targeted block[m

[18:05:35] [Server thread/INFO]: [0;33;22m//hpyramid: [mGenerate a hollow pyramid[m

[18:05:35] [Server thread/INFO]: [0;33;22m//hsphere: [mGenerates a hollow sphere.[m

[18:05:35] [Server thread/INFO]: [0;33;22m/info: [mBlock information tool[m

[18:05:35] [Server thread/INFO]: [0;33;22m//inset: [mInset the selection area[m

[18:05:35] [Server thread/INFO]: [0;33;22m/jumpto: [mTeleport to a location[m

[18:05:35] [Server thread/INFO]: [0;33;22m//limit: [mModify block change limit[m

[18:05:35] [Server thread/INFO]: [0;33;22m//line: [mDraws a line segment between cuboid selection corners[m

[18:05:35] [Server thread/INFO]: [0;33;22m/listchunks: [mList chunks that your selection includes[m

[18:05:35] [Server thread/INFO]: [0;33;22m//load: [mLoad a schematic into your clipboard[m

[18:05:43] [Server thread/INFO]: [0;33;1m----------[m Help: page 4/6  [0;33;1m--------------------[m[m

[18:05:43] [Server thread/INFO]: [0;37;22mType [0;36;1m//help <command> [<page>][0;37;22m for more information.[m

[18:05:43] [Server thread/INFO]: [0;33;22m/lrbuild: [mLong-range building tool[m

[18:05:43] [Server thread/INFO]: [0;33;22m/mask: [mSet the brush mask[m

[18:05:43] [Server thread/INFO]: [0;33;22m/mat: [mSet the brush material[m

[18:05:43] [Server thread/INFO]: [0;33;22m//move: [mMove the contents of the selection[m

[18:05:43] [Server thread/INFO]: [0;33;22m//naturalize: [m3 layers of dirt on top then rock below[m

[18:05:43] [Server thread/INFO]: [0;33;22m/none: [mUnbind a bound tool from your current item[m

[18:05:43] [Server thread/INFO]: [0;33;22m//outset: [mOutset the selection area[m

[18:05:43] [Server thread/INFO]: [0;33;22m//overlay: [mSet a block on top of blocks in the region[m

[18:05:43] [Server thread/INFO]: [0;33;22m//paste: [mPaste the clipboard's contents[m

[18:05:43] [Server thread/INFO]: [0;33;22m//pos1: [mSet position 1[m

[18:05:43] [Server thread/INFO]: [0;33;22m//pos2: [mSet position 2[m

[18:05:43] [Server thread/INFO]: [0;33;22m/pumpkins: [mGenerate pumpkin patches[m

[18:05:43] [Server thread/INFO]: [0;33;22m//pyramid: [mGenerate a filled pyramid[m

[18:05:43] [Server thread/INFO]: [0;33;22m/range: [mSet the brush range[m

[18:05:43] [Server thread/INFO]: [0;33;22m//redo: [mRedoes the last action (from history)[m

[18:05:43] [Server thread/INFO]: [0;33;22m//regen: [mRegenerates the contents of the selection[m

[18:05:43] [Server thread/INFO]: [0;33;22m/remove: [mRemove all entities of a type[m

[18:05:43] [Server thread/INFO]: [0;33;22m//removeabove: [mRemove blocks above your head.[m

[18:05:43] [Server thread/INFO]: [0;33;22m//removebelow: [mRemove blocks below you.[m

[18:05:43] [Server thread/INFO]: [0;33;22m//removenear: [mRemove blocks near you.[m

[18:05:52] [Server thread/INFO]: [0;33;1m----------[m Help: page 5/6  [0;33;1m--------------------[m[m

[18:05:52] [Server thread/INFO]: [0;37;22mType [0;36;1m//help <command> [<page>][0;37;22m for more information.[m

[18:05:52] [Server thread/INFO]: [0;33;22m/repl: [mBlock replacer tool[m

[18:05:52] [Server thread/INFO]: [0;33;22m//replace: [mReplace all blocks in the selection with another[m

[18:05:52] [Server thread/INFO]: [0;33;22m//replacenear: [mReplace nearby blocks[m

[18:05:52] [Server thread/INFO]: [0;33;22m/restore: [mRestore the selection from a snapshot[m

[18:05:52] [Server thread/INFO]: [0;33;22m//rotate: [mRotate the contents of the clipboard[m

[18:05:52] [Server thread/INFO]: [0;33;22m//save: [mSave a schematic into your clipboard[m

[18:05:52] [Server thread/INFO]: [0;33;22m/schematic: [mSchematic commands for saving/loading areas[m

[18:05:52] [Server thread/INFO]: [0;33;22m//searchitem: [mSearch for an item[m

[18:05:52] [Server thread/INFO]: [0;33;22m//sel: [mChoose a region selector[m

[18:05:52] [Server thread/INFO]: [0;33;22m//set: [mSet all the blocks inside the selection to a block[m

[18:05:52] [Server thread/INFO]: [0;33;22m//setbiome: [mSets the biome of the player's current block or region.[m

[18:05:52] [Server thread/INFO]: [0;33;22m//shift: [mShift the selection area[m

[18:05:52] [Server thread/INFO]: [0;33;22m/size: [mSet the brush size[m

[18:05:52] [Server thread/INFO]: [0;33;22m//size: [mGet information about the selection[m

[18:05:52] [Server thread/INFO]: [0;33;22m//smooth: [mSmooth the elevation in the selection[m

[18:05:52] [Server thread/INFO]: [0;33;22m/snapshot: [mSchematic commands for saving/loading areas[m

[18:05:52] [Server thread/INFO]: [0;33;22m//snow: [mSimulates snow[m

[18:05:52] [Server thread/INFO]: [0;33;22m//sphere: [mGenerates a filled sphere.[m

[18:05:52] [Server thread/INFO]: [0;33;22m//stack: [mRepeat the contents of the selection[m

[18:05:52] [Server thread/INFO]: [0;33;22m/superpickaxe: [mSuper-pickaxe commands[m

[18:05:56] [Server thread/INFO]: ze_jj lost connection: Disconnected
[18:05:56] [Server thread/INFO]: ze_jj left the game.
[18:05:57] [Server thread/INFO]: [0;33;1m----------[m Help: page 6/6  [0;33;1m--------------------[m[m

[18:05:57] [Server thread/INFO]: [0;37;22mType [0;36;1m//help <command> [<page>][0;37;22m for more information.[m

[18:05:57] [Server thread/INFO]: [0;33;22m//thaw: [mThaws the area[m

[18:05:57] [Server thread/INFO]: [0;33;22m/thru: [mPassthrough walls[m

[18:05:57] [Server thread/INFO]: [0;33;22m/toggleeditwand: [mToggle functionality of the edit wand[m

[18:05:57] [Server thread/INFO]: [0;33;22m//toggleplace: [mSwitch between your position and pos1 for placement[m

[18:05:57] [Server thread/INFO]: [0;33;22m/tool: [mBind functions to held items[m

[18:05:57] [Server thread/INFO]: [0;33;22m/tree: [mTree generator tool[m

[18:05:57] [Server thread/INFO]: [0;33;22m//undo: [mUndoes the last action[m

[18:05:57] [Server thread/INFO]: [0;33;22m/unstuck: [mEscape from being stuck inside a block[m

[18:05:57] [Server thread/INFO]: [0;33;22m/up: [mGo upwards some distance[m

[18:05:57] [Server thread/INFO]: [0;33;22m//walls: [mBuild the four sides of the selection[m

[18:05:57] [Server thread/INFO]: [0;33;22m//wand: [mGet the wand object[m

[18:05:57] [Server thread/INFO]: [0;33;22m/worldedit: [mWorldEdit commands[m

[18:07:33] [Server thread/INFO]: Opped ze_jj
