[17:38:04] [main/INFO]: Using mbed TLS based native cipher.
[17:38:04] [main/INFO]: Using zlib based native compressor.
[17:38:04] [main/INFO]: Enabled Waterfall version git:Waterfall-Bootstrap:1.21-R0.1-SNAPSHOT:de8345a:579
[17:38:04] [main/WARN]: Waterfall has reached end of life and is no longer maintained. We recommend you transition to Velocity (https://papermc.io/software/velocity). For more information, see the announcement (https://forums.papermc.io/threads/1088/).
[17:38:04] [main/INFO]: Not on Windows, attempting to use enhanced EpollEventLoop
[17:38:04] [main/INFO]: Epoll is working, utilising it!
[17:38:04] [main/INFO]: Discovered module: ModuleSpec(name=cmd_alert, file=modules/cmd_alert.jar, provider=JenkinsModuleSource())
[17:38:04] [main/INFO]: Discovered module: ModuleSpec(name=cmd_find, file=modules/cmd_find.jar, provider=JenkinsModuleSource())
[17:38:04] [main/INFO]: Discovered module: ModuleSpec(name=cmd_list, file=modules/cmd_list.jar, provider=JenkinsModuleSource())
[17:38:04] [main/INFO]: Discovered module: ModuleSpec(name=cmd_send, file=modules/cmd_send.jar, provider=JenkinsModuleSource())
[17:38:04] [main/INFO]: Discovered module: ModuleSpec(name=cmd_server, file=modules/cmd_server.jar, provider=JenkinsModuleSource())
[17:38:04] [main/INFO]: Discovered module: ModuleSpec(name=reconnect_yaml, file=modules/reconnect_yaml.jar, provider=JenkinsModuleSource())
[17:38:04] [main/INFO]: Attempting to update plugin from null to ModuleVersion(build=579, git=de8345a)
[17:38:04] [main/INFO]: Attempting to Jenkins download module cmd_alert v579
[17:38:04] [main/INFO]: Download complete
[17:38:04] [main/INFO]: Attempting to update plugin from null to ModuleVersion(build=579, git=de8345a)
[17:38:04] [main/INFO]: Attempting to Jenkins download module cmd_find v579
[17:38:05] [main/INFO]: Download complete
[17:38:05] [main/INFO]: Attempting to update plugin from null to ModuleVersion(build=579, git=de8345a)
[17:38:05] [main/INFO]: Attempting to Jenkins download module cmd_list v579
[17:38:05] [main/INFO]: Download complete
[17:38:05] [main/INFO]: Attempting to update plugin from null to ModuleVersion(build=579, git=de8345a)
[17:38:05] [main/INFO]: Attempting to Jenkins download module cmd_send v579
[17:38:05] [main/INFO]: Download complete
[17:38:05] [main/INFO]: Attempting to update plugin from null to ModuleVersion(build=579, git=de8345a)
[17:38:05] [main/INFO]: Attempting to Jenkins download module cmd_server v579
[17:38:05] [main/INFO]: Download complete
[17:38:05] [main/INFO]: Attempting to update plugin from null to ModuleVersion(build=579, git=de8345a)
[17:38:05] [main/INFO]: Attempting to Jenkins download module reconnect_yaml v579
[17:38:05] [main/INFO]: Download complete
[17:38:05] [main/INFO]: Loaded plugin reconnect_yaml version git:reconnect_yaml:1.21-R0.1-SNAPSHOT:de8345a:579 by WaterfallMC
[17:38:05] [main/INFO]: Loaded plugin cmd_find version git:cmd_find:1.21-R0.1-SNAPSHOT:de8345a:579 by WaterfallMC
[17:38:05] [main/INFO]: Loaded plugin cmd_server version git:cmd_server:1.21-R0.1-SNAPSHOT:de8345a:579 by WaterfallMC
[17:38:05] [main/INFO]: Loaded plugin cmd_alert version git:cmd_alert:1.21-R0.1-SNAPSHOT:de8345a:579 by WaterfallMC
[17:38:05] [main/INFO]: Loaded plugin cmd_send version git:cmd_send:1.21-R0.1-SNAPSHOT:de8345a:579 by WaterfallMC
[17:38:05] [main/INFO]: Loaded plugin cmd_list version git:cmd_list:1.21-R0.1-SNAPSHOT:de8345a:579 by WaterfallMC
[17:38:05] [main/WARN]: :>:>:>:>:>:>:>:>:>:>:>:>:>:>:>:>:>:>:>:>:>:>:>
[17:38:05] [main/WARN]: :>  
[17:38:05] [main/WARN]: :>      EAGLERCRAFTXBUNGEE WARNING:
[17:38:05] [main/WARN]: :>  
[17:38:05] [main/WARN]: :>  This plugin wasn't tested to be 'working'
[17:38:05] [main/WARN]: :>  with ANY version of BungeeCord (and forks)
[17:38:05] [main/WARN]: :>  apart from the versions listed below:
[17:38:05] [main/WARN]: :>  
[17:38:05] [main/WARN]: :>  - BungeeCord: 1.21-R0.1-SNAPSHOT:acb85e3:1871
[17:38:05] [main/WARN]: :>  - Waterfall: 1.21-R0.1-SNAPSHOT:de8345a:579
[17:38:05] [main/WARN]: :>  
[17:38:05] [main/WARN]: :>  This is not a Bukkit/Spigot plugin!
[17:38:05] [main/WARN]: :>  
[17:38:05] [main/WARN]: :>  Use "-Deaglerxbungee.stfu=true" to hide
[17:38:05] [main/WARN]: :>  
[17:38:05] [main/WARN]: :>:>:>:>:>:>:>:>:>:>:>:>:>:>:>:>:>:>:>:>:>:>:>
[17:38:05] [main/INFO] [EaglercraftXBungee]: Loading vanilla profile: lax1dude
[17:38:05] [Skin Download Thread #1/INFO] [EaglercraftXBungee]: Loaded vanilla profile: lax1dude
[17:38:05] [main/INFO]: Loaded plugin EaglercraftXBungee version 1.3.1 by lax1dude
[17:38:05] [main/WARN]: Forced host server pvp is not defined
[17:38:05] [main/INFO]: Enabled plugin reconnect_yaml version git:reconnect_yaml:1.21-R0.1-SNAPSHOT:de8345a:579 by WaterfallMC
[17:38:05] [main/INFO]: Enabled plugin cmd_find version git:cmd_find:1.21-R0.1-SNAPSHOT:de8345a:579 by WaterfallMC
[17:38:05] [main/INFO]: Enabled plugin cmd_server version git:cmd_server:1.21-R0.1-SNAPSHOT:de8345a:579 by WaterfallMC
[17:38:05] [main/INFO]: Enabled plugin cmd_alert version git:cmd_alert:1.21-R0.1-SNAPSHOT:de8345a:579 by WaterfallMC
[17:38:05] [main/INFO]: Enabled plugin cmd_send version git:cmd_send:1.21-R0.1-SNAPSHOT:de8345a:579 by WaterfallMC
[17:38:05] [main/INFO]: Enabled plugin cmd_list version git:cmd_list:1.21-R0.1-SNAPSHOT:de8345a:579 by WaterfallMC
[17:38:05] [main/ERROR] [EaglercraftXBungee]: Online mode is set to false! Authentication system has been disabled
[17:38:05] [Netty Boss IO Thread #0/INFO] [EaglercraftXBungee]: Eaglercraft is listening on: /0.0.0.0:8081
[17:38:05] [main/INFO] [EaglercraftXBungee]: Downloading from maven: https://repo1.maven.org/maven2/org/xerial/sqlite-jdbc/3.45.0.0/sqlite-jdbc-3.45.0.0.jar
[17:38:06] [main/INFO] [EaglercraftXBungee]: Connected to database: jdbc:sqlite:eaglercraft_skins_cache.db
[17:38:06] [main/INFO] [EaglercraftXBungee]: Voice chat disabled, add "allow_voice: true" to your listeners to enable
[17:38:06] [main/INFO]: Enabled plugin EaglercraftXBungee version 1.3.1 by lax1dude
[17:38:06] [Netty Boss IO Thread #1/INFO]: Listening on /127.0.0.1:25577
[17:47:05] [Netty Worker IO Thread #0/WARN] [EaglercraftXBungee]: Server icon is not a file: /workspaces/Server-Test/bungee/server-icon.png
[17:47:07] [Netty Worker IO Thread #1/INFO] [EaglercraftXBungee]: [/[0:0:0:0:0:0:0:1%0]:56838]: Connected via websocket
[17:47:07] [Netty Worker IO Thread #1/INFO] [EaglercraftXBungee]: [/[0:0:0:0:0:0:0:1%0]:56838]: Origin header is null
[17:47:08] [Netty Worker IO Thread #1/INFO] [EaglercraftXBungee]: [/[0:0:0:0:0:0:0:1%0]:56838]: Logged in as 'ze_jj'
[17:47:08] [Netty Worker IO Thread #1/INFO]: [/[0:0:0:0:0:0:0:1%0]:56838|ze_jj] -> UpstreamBridge has connected
[17:47:08] [Netty Worker IO Thread #1/WARN]: Error occurred processing connection for ze_jj AnnotatedConnectException : finishConnect(..) failed: Connection refused: localhost/127.0.0.1:25565
[17:47:08] [Netty Worker IO Thread #1/INFO]: [ze_jj] disconnected with: Could not connect to a default or fallback server. Incorrectly configured address/port/firewall? 
[17:47:08] [Netty Worker IO Thread #1/INFO]: [/[0:0:0:0:0:0:0:1%0]:56838|ze_jj] -> UpstreamBridge has disconnected
[17:47:15] [Netty Worker IO Thread #2/INFO] [EaglercraftXBungee]: [/[0:0:0:0:0:0:0:1%0]:56848]: Connected via websocket
[17:47:15] [Netty Worker IO Thread #2/INFO] [EaglercraftXBungee]: [/[0:0:0:0:0:0:0:1%0]:56848]: Origin header is null
[17:47:15] [Netty Worker IO Thread #2/INFO] [EaglercraftXBungee]: [/[0:0:0:0:0:0:0:1%0]:56848]: Logged in as 'ze_jj'
[17:47:15] [Netty Worker IO Thread #2/INFO]: [/[0:0:0:0:0:0:0:1%0]:56848|ze_jj] -> UpstreamBridge has connected
[17:47:15] [Netty Worker IO Thread #2/WARN]: Error occurred processing connection for ze_jj AnnotatedConnectException : finishConnect(..) failed: Connection refused: localhost/127.0.0.1:25565
[17:47:15] [Netty Worker IO Thread #2/INFO]: [ze_jj] disconnected with: Could not connect to a default or fallback server. Incorrectly configured address/port/firewall? 
[17:47:15] [Netty Worker IO Thread #2/INFO]: [/[0:0:0:0:0:0:0:1%0]:56848|ze_jj] -> UpstreamBridge has disconnected
[17:47:34] [Netty Worker IO Thread #3/INFO] [EaglercraftXBungee]: [/[0:0:0:0:0:0:0:1%0]:56828]: Connected via websocket
[17:47:34] [Netty Worker IO Thread #3/INFO] [EaglercraftXBungee]: [/[0:0:0:0:0:0:0:1%0]:56828]: Origin header is null
[17:47:34] [Netty Worker IO Thread #3/INFO] [EaglercraftXBungee]: [/[0:0:0:0:0:0:0:1%0]:56828]: Logged in as 'ze_jj'
[17:47:34] [Netty Worker IO Thread #3/INFO]: [/[0:0:0:0:0:0:0:1%0]:56828|ze_jj] -> UpstreamBridge has connected
[17:47:34] [Netty Worker IO Thread #3/WARN]: Error occurred processing connection for ze_jj AnnotatedConnectException : finishConnect(..) failed: Connection refused: localhost/127.0.0.1:25565
[17:47:34] [Netty Worker IO Thread #3/INFO]: [ze_jj] disconnected with: Could not connect to a default or fallback server. Incorrectly configured address/port/firewall? 
[17:47:34] [Netty Worker IO Thread #3/INFO]: [/[0:0:0:0:0:0:0:1%0]:56828|ze_jj] -> UpstreamBridge has disconnected
[17:47:37] [Netty Worker IO Thread #0/INFO] [EaglercraftXBungee]: [/[0:0:0:0:0:0:0:1%0]:39826]: Connected via websocket
[17:47:37] [Netty Worker IO Thread #0/INFO] [EaglercraftXBungee]: [/[0:0:0:0:0:0:0:1%0]:39826]: Origin header is null
[17:47:37] [Netty Worker IO Thread #0/INFO] [EaglercraftXBungee]: [/[0:0:0:0:0:0:0:1%0]:39826]: Logged in as 'ze_jj'
[17:47:37] [Netty Worker IO Thread #0/INFO]: [/[0:0:0:0:0:0:0:1%0]:39826|ze_jj] -> UpstreamBridge has connected
[17:47:37] [Netty Worker IO Thread #0/WARN]: Error occurred processing connection for ze_jj AnnotatedConnectException : finishConnect(..) failed: Connection refused: localhost/127.0.0.1:25565
[17:47:37] [Netty Worker IO Thread #0/INFO]: [ze_jj] disconnected with: Could not connect to a default or fallback server. Incorrectly configured address/port/firewall? 
[17:47:37] [Netty Worker IO Thread #0/INFO]: [/[0:0:0:0:0:0:0:1%0]:39826|ze_jj] -> UpstreamBridge has disconnected
